0 info it worked if it ends with ok
1 verbose cli [ '/home/kudret/applications/node-v0.10.33-linux-x86/bin/node',
1 verbose cli   '/home/kudret/applications/node-v0.10.33-linux-x86/bin/npm',
1 verbose cli   'start' ]
2 info using npm@1.4.28
3 info using node@v0.10.33
4 verbose run-script [ 'prestart', 'start', 'poststart' ]
5 info prestart rest-api-user@1.0.0
6 info start rest-api-user@1.0.0
7 verbose unsafe-perm in lifecycle true
8 info rest-api-user@1.0.0 Failed to exec start script
9 error rest-api-user@1.0.0 start: `node server.js`
9 error Exit status 8
10 error Failed at the rest-api-user@1.0.0 start script.
10 error This is most likely a problem with the rest-api-user package,
10 error not with npm itself.
10 error Tell the author that this fails on your system:
10 error     node server.js
10 error You can get their info via:
10 error     npm owner ls rest-api-user
10 error There is likely additional logging output above.
11 error System Linux 3.13.0-53-generic
12 error command "/home/kudret/applications/node-v0.10.33-linux-x86/bin/node" "/home/kudret/applications/node-v0.10.33-linux-x86/bin/npm" "start"
13 error cwd /home/kudret/git-workspace/node/rest-api-user
14 error node -v v0.10.33
15 error npm -v 1.4.28
16 error code ELIFECYCLE
17 verbose exit [ 1, true ]
